TN:
SF:app.js
FNF:0
FNH:0
DA:1,11
DA:2,11
DA:3,11
DA:4,11
DA:5,11
DA:7,11
DA:9,11
DA:10,11
DA:12,11
DA:14,11
DA:16,11
DA:17,0
DA:20,11
DA:22,11
LF:14
LH:13
BRDA:7,0,0,11
BRDA:7,0,1,0
BRDA:12,1,0,11
BRDA:12,1,1,0
BRDA:16,2,0,0
BRDA:16,2,1,11
BRF:6
BRH:3
end_of_record
TN:
SF:config\mongo.js
FN:5,(anonymous_0)
FNF:1
FNH:1
FNDA:12,(anonymous_0)
DA:1,12
DA:3,12
DA:5,12
DA:6,12
DA:7,12
DA:8,12
DA:12,11
DA:14,1
DA:18,12
LF:9
LH:9
BRDA:7,0,0,12
BRDA:7,0,1,0
BRF:2
BRH:1
end_of_record
TN:
SF:controllers\auth.js
FN:7,(anonymous_0)
FN:25,(anonymous_1)
FN:55,(anonymous_2)
FN:64,(anonymous_3)
FN:73,(anonymous_4)
FN:83,(anonymous_5)
FN:93,(anonymous_6)
FN:108,(anonymous_7)
FN:122,(anonymous_8)
FN:131,(anonymous_9)
FN:143,(anonymous_10)
FN:153,(anonymous_11)
FNF:12
FNH:8
FNDA:7,(anonymous_0)
FNDA:4,(anonymous_1)
FNDA:3,(anonymous_2)
FNDA:0,(anonymous_3)
FNDA:2,(anonymous_4)
FNDA:2,(anonymous_5)
FNDA:2,(anonymous_6)
FNDA:4,(anonymous_7)
FNDA:2,(anonymous_8)
FNDA:0,(anonymous_9)
FNDA:0,(anonymous_10)
FNDA:0,(anonymous_11)
DA:1,11
DA:2,11
DA:3,11
DA:4,11
DA:5,11
DA:7,11
DA:8,7
DA:9,7
DA:10,7
DA:11,7
DA:12,7
DA:13,6
DA:15,6
DA:19,6
DA:21,1
DA:25,11
DA:26,4
DA:27,4
DA:28,3
DA:29,1
DA:30,1
DA:32,2
DA:33,2
DA:35,2
DA:36,1
DA:37,1
DA:40,1
DA:42,1
DA:48,1
DA:51,1
DA:55,11
DA:56,3
DA:57,3
DA:58,2
DA:60,1
DA:64,11
DA:65,0
DA:66,0
DA:67,0
DA:69,0
DA:73,11
DA:74,2
DA:75,2
DA:76,1
DA:79,1
DA:83,11
DA:84,2
DA:85,2
DA:86,1
DA:89,1
DA:93,11
DA:94,2
DA:95,2
DA:96,2
DA:98,2
DA:101,1
DA:102,1
DA:104,1
DA:108,11
DA:109,4
DA:110,4
DA:113,3
DA:114,3
DA:115,3
DA:117,1
DA:118,1
DA:122,11
DA:123,2
DA:124,2
DA:125,1
DA:127,1
DA:131,11
DA:132,0
DA:133,0
DA:136,0
DA:137,0
DA:139,0
DA:143,11
DA:144,0
DA:145,0
DA:146,0
DA:148,0
DA:149,0
DA:153,11
DA:154,0
DA:155,0
DA:156,0
DA:158,0
DA:159,0
DA:163,11
LF:90
LH:71
BRDA:28,0,0,1
BRDA:28,0,1,2
BRDA:35,1,0,1
BRDA:35,1,1,1
BRF:4
BRH:4
end_of_record
TN:
SF:controllers\category.js
FN:5,(anonymous_0)
FN:16,(anonymous_1)
FNF:2
FNH:2
FNDA:2,(anonymous_0)
FNDA:2,(anonymous_1)
DA:1,11
DA:2,11
DA:5,11
DA:6,2
DA:7,2
DA:8,2
DA:9,1
DA:11,1
DA:16,11
DA:17,2
DA:18,2
DA:19,1
DA:21,1
DA:25,11
LF:14
LH:14
BRF:0
BRH:0
end_of_record
TN:
SF:controllers\exercise.js
FN:4,(anonymous_0)
FN:15,(anonymous_1)
FNF:2
FNH:2
FNDA:2,(anonymous_0)
FNDA:2,(anonymous_1)
DA:1,11
DA:2,11
DA:4,11
DA:5,2
DA:6,2
DA:7,2
DA:8,1
DA:10,1
DA:15,11
DA:16,2
DA:17,2
DA:18,1
DA:20,1
DA:24,11
LF:14
LH:14
BRF:0
BRH:0
end_of_record
TN:
SF:controllers\exerciseDone.js
FN:4,(anonymous_0)
FN:14,(anonymous_1)
FN:24,(anonymous_2)
FN:41,(anonymous_3)
FN:50,(anonymous_4)
FN:62,(anonymous_5)
FN:71,(anonymous_6)
FN:84,(anonymous_7)
FN:94,(anonymous_8)
FN:120,(anonymous_9)
FN:132,obtenerFechaSinHora
FN:142,(anonymous_11)
FNF:12
FNH:9
FNDA:2,(anonymous_0)
FNDA:2,(anonymous_1)
FNDA:2,(anonymous_2)
FNDA:9,(anonymous_3)
FNDA:2,(anonymous_4)
FNDA:3,(anonymous_5)
FNDA:2,(anonymous_6)
FNDA:4,(anonymous_7)
FNDA:1,(anonymous_8)
FNDA:0,(anonymous_9)
FNDA:0,obtenerFechaSinHora
FNDA:0,(anonymous_11)
DA:1,11
DA:2,11
DA:4,11
DA:5,2
DA:6,2
DA:7,2
DA:8,1
DA:10,1
DA:14,11
DA:15,2
DA:16,2
DA:17,2
DA:18,1
DA:20,1
DA:24,11
DA:25,2
DA:26,2
DA:28,2
DA:33,2
DA:34,1
DA:36,1
DA:41,11
DA:42,9
DA:43,9
DA:44,8
DA:46,1
DA:50,11
DA:51,2
DA:52,2
DA:56,1
DA:58,1
DA:62,11
DA:63,3
DA:64,3
DA:65,2
DA:67,1
DA:71,11
DA:72,2
DA:73,2
DA:74,2
DA:75,2
DA:76,2
DA:81,2
DA:83,1
DA:84,1
DA:85,4
DA:88,1
DA:90,1
DA:94,11
DA:95,1
DA:96,1
DA:97,1
DA:98,1
DA:99,1
DA:104,1
DA:105,1
DA:106,1
DA:108,1
DA:109,366
DA:114,366
DA:117,1
DA:118,0
DA:120,0
DA:121,0
DA:122,0
DA:124,0
DA:125,0
DA:127,0
DA:133,0
DA:139,0
DA:140,0
DA:141,0
DA:142,0
DA:143,0
DA:144,0
DA:147,0
DA:149,1
DA:154,11
LF:78
LH:63
BRDA:124,0,0,0
BRDA:124,0,1,0
BRDA:143,1,0,0
BRDA:143,1,1,0
BRF:4
BRH:0
end_of_record
TN:
SF:controllers\foods.js
FN:4,(anonymous_0)
FN:14,(anonymous_1)
FN:19,(anonymous_2)
FN:19,(anonymous_3)
FN:28,(anonymous_4)
FN:40,(anonymous_5)
FN:47,(anonymous_6)
FN:47,(anonymous_7)
FN:57,(anonymous_8)
FNF:9
FNH:3
FNDA:2,(anonymous_0)
FNDA:0,(anonymous_1)
FNDA:0,(anonymous_2)
FNDA:0,(anonymous_3)
FNDA:2,(anonymous_4)
FNDA:0,(anonymous_5)
FNDA:0,(anonymous_6)
FNDA:0,(anonymous_7)
FNDA:2,(anonymous_8)
DA:1,11
DA:2,11
DA:4,11
DA:5,2
DA:6,2
DA:7,2
DA:8,1
DA:10,1
DA:14,11
DA:15,0
DA:16,0
DA:17,0
DA:18,0
DA:19,0
DA:21,0
DA:23,0
DA:24,0
DA:28,11
DA:29,2
DA:30,2
DA:31,2
DA:34,1
DA:36,1
DA:40,11
DA:41,0
DA:42,0
DA:43,0
DA:46,0
DA:47,0
DA:49,0
DA:51,0
DA:52,0
DA:57,11
DA:58,2
DA:59,2
DA:60,1
DA:62,1
DA:66,11
LF:38
LH:22
BRF:0
BRH:0
end_of_record
TN:
SF:controllers\goals.js
FN:5,(anonymous_0)
FN:14,(anonymous_1)
FN:18,(anonymous_2)
FN:26,(anonymous_3)
FN:59,(anonymous_4)
FN:64,(anonymous_5)
FN:67,(anonymous_6)
FN:79,(anonymous_7)
FN:96,(anonymous_8)
FN:117,(anonymous_9)
FN:127,(anonymous_10)
FN:139,(anonymous_11)
FNF:12
FNH:11
FNDA:2,(anonymous_0)
FNDA:2,(anonymous_1)
FNDA:4,(anonymous_2)
FNDA:18,(anonymous_3)
FNDA:5,(anonymous_4)
FNDA:4,(anonymous_5)
FNDA:18,(anonymous_6)
FNDA:0,(anonymous_7)
FNDA:5,(anonymous_8)
FNDA:11,(anonymous_9)
FNDA:2,(anonymous_10)
FNDA:2,(anonymous_11)
DA:1,11
DA:2,11
DA:3,11
DA:5,11
DA:6,2
DA:7,2
DA:8,1
DA:10,1
DA:14,11
DA:15,2
DA:16,2
DA:17,1
DA:18,4
DA:20,1
DA:22,1
DA:26,11
DA:27,18
DA:28,18
DA:30,18
DA:31,18
DA:33,18
DA:34,18
DA:36,18
DA:37,6
DA:38,12
DA:39,1
DA:41,11
DA:43,3
DA:44,3
DA:45,3
DA:46,3
DA:48,11
DA:50,2
DA:51,2
DA:52,2
DA:53,2
DA:55,11
DA:59,11
DA:60,5
DA:61,5
DA:64,11
DA:65,4
DA:66,4
DA:67,3
DA:68,18
DA:69,18
DA:70,18
DA:71,18
DA:75,18
DA:76,18
DA:77,0
DA:78,0
DA:79,0
DA:80,0
DA:83,0
DA:85,0
DA:91,0
DA:94,18
DA:95,18
DA:96,18
DA:97,5
DA:100,18
DA:102,18
DA:108,18
DA:111,3
DA:113,1
DA:117,11
DA:118,11
DA:119,11
DA:120,10
DA:122,1
DA:127,11
DA:128,2
DA:129,2
DA:133,1
DA:135,1
DA:139,11
DA:140,2
DA:141,2
DA:142,1
DA:144,1
DA:148,11
LF:82
LH:75
BRDA:18,0,0,4
BRDA:18,0,1,2
BRDA:36,1,0,6
BRDA:36,1,1,12
BRDA:38,2,0,1
BRDA:38,2,1,11
BRDA:38,3,0,12
BRDA:38,3,1,12
BRDA:41,4,0,3
BRDA:41,4,1,8
BRDA:48,5,0,2
BRDA:48,5,1,9
BRDA:76,6,0,0
BRDA:76,6,1,18
BRF:14
BRH:13
end_of_record
TN:
SF:controllers\intermittentFasting.js
FN:6,(anonymous_0)
FN:26,(anonymous_1)
FN:35,(anonymous_2)
FN:36,(anonymous_3)
FN:50,(anonymous_4)
FN:61,(anonymous_5)
FN:69,(anonymous_6)
FN:82,(anonymous_7)
FNF:8
FNH:5
FNDA:5,(anonymous_0)
FNDA:0,(anonymous_1)
FNDA:0,(anonymous_2)
FNDA:0,(anonymous_3)
FNDA:3,(anonymous_4)
FNDA:2,(anonymous_5)
FNDA:1,(anonymous_6)
FNDA:2,(anonymous_7)
DA:1,11
DA:2,11
DA:3,11
DA:4,11
DA:6,11
DA:7,5
DA:8,5
DA:18,5
DA:19,1
DA:22,4
DA:23,3
DA:24,3
DA:27,0
DA:34,0
DA:37,0
DA:41,0
DA:44,3
DA:46,1
DA:50,11
DA:51,3
DA:52,3
DA:55,2
DA:57,1
DA:61,11
DA:62,2
DA:63,2
DA:65,2
DA:68,1
DA:70,1
DA:72,1
DA:74,1
DA:82,11
DA:83,2
DA:84,2
DA:87,1
DA:89,1
DA:93,11
LF:37
LH:33
BRDA:18,0,0,1
BRDA:18,0,1,4
BRDA:70,1,0,1
BRDA:70,1,1,1
BRF:4
BRH:4
end_of_record
TN:
SF:controllers\meals.js
FN:4,(anonymous_0)
FN:14,(anonymous_1)
FN:24,(anonymous_2)
FN:40,(anonymous_3)
FN:49,(anonymous_4)
FN:61,(anonymous_5)
FN:70,(anonymous_6)
FN:97,(anonymous_7)
FN:109,obtenerFechaSinHora
FN:119,(anonymous_9)
FN:130,(anonymous_10)
FN:144,(anonymous_11)
FNF:12
FNH:12
FNDA:2,(anonymous_0)
FNDA:2,(anonymous_1)
FNDA:2,(anonymous_2)
FNDA:8,(anonymous_3)
FNDA:2,(anonymous_4)
FNDA:3,(anonymous_5)
FNDA:2,(anonymous_6)
FNDA:4,(anonymous_7)
FNDA:3,obtenerFechaSinHora
FNDA:2,(anonymous_9)
FNDA:2,(anonymous_10)
FNDA:5,(anonymous_11)
DA:1,11
DA:2,11
DA:4,11
DA:5,2
DA:6,2
DA:7,2
DA:8,1
DA:10,1
DA:14,11
DA:15,2
DA:16,2
DA:17,2
DA:18,1
DA:20,1
DA:24,11
DA:25,2
DA:26,2
DA:28,2
DA:33,2
DA:34,1
DA:36,1
DA:40,11
DA:41,8
DA:42,8
DA:43,7
DA:45,1
DA:49,11
DA:50,2
DA:51,2
DA:55,1
DA:57,1
DA:61,11
DA:62,3
DA:63,3
DA:64,2
DA:66,1
DA:70,11
DA:71,2
DA:72,2
DA:73,2
DA:74,2
DA:75,2
DA:76,2
DA:81,2
DA:82,2
DA:83,2
DA:85,2
DA:86,381
DA:91,381
DA:94,2
DA:95,1
DA:97,1
DA:98,4
DA:99,4
DA:101,4
DA:102,3
DA:104,1
DA:110,3
DA:116,1
DA:117,1
DA:118,1
DA:119,2
DA:120,1
DA:121,1
DA:124,1
DA:126,1
DA:130,11
DA:131,2
DA:132,2
DA:133,2
DA:134,2
DA:135,2
DA:136,2
DA:141,2
DA:143,1
DA:144,1
DA:145,5
DA:148,1
DA:150,1
DA:156,11
LF:80
LH:80
BRDA:101,0,0,3
BRDA:101,0,1,1
BRDA:120,1,0,1
BRDA:120,1,1,0
BRF:4
BRH:3
end_of_record
TN:
SF:controllers\notifications.js
FN:6,(anonymous_0)
FN:24,(anonymous_1)
FN:25,(anonymous_2)
FN:64,(anonymous_3)
FN:88,(anonymous_4)
FN:115,(anonymous_5)
FNF:6
FNH:5
FNDA:2,(anonymous_0)
FNDA:2,(anonymous_1)
FNDA:2,(anonymous_2)
FNDA:1,(anonymous_3)
FNDA:0,(anonymous_4)
FNDA:2,(anonymous_5)
DA:1,11
DA:2,11
DA:3,11
DA:4,11
DA:6,11
DA:7,2
DA:8,2
DA:9,2
DA:10,2
DA:11,2
DA:13,2
DA:14,2
DA:23,2
DA:26,2
DA:30,2
DA:35,2
DA:36,2
DA:37,2
DA:38,2
DA:39,2
DA:41,2
DA:53,2
DA:55,2
DA:57,0
DA:60,0
DA:64,11
DA:65,1
DA:66,1
DA:68,1
DA:69,1
DA:70,1
DA:71,1
DA:72,1
DA:74,1
DA:81,1
DA:82,1
DA:84,0
DA:88,11
DA:89,0
DA:90,0
DA:91,0
DA:92,0
DA:94,0
DA:95,0
DA:96,0
DA:97,0
DA:98,0
DA:100,0
DA:109,0
DA:111,0
DA:115,11
DA:116,2
DA:117,2
DA:118,1
DA:120,1
DA:124,11
LF:56
LH:41
BRDA:35,0,0,2
BRDA:35,0,1,0
BRF:2
BRH:1
end_of_record
TN:
SF:controllers\plans.js
FN:4,(anonymous_0)
FN:12,(anonymous_1)
FN:15,(anonymous_2)
FN:41,(anonymous_3)
FN:47,(anonymous_4)
FN:70,(anonymous_5)
FN:76,(anonymous_6)
FN:100,(anonymous_7)
FN:110,(anonymous_8)
FNF:9
FNH:5
FNDA:3,(anonymous_0)
FNDA:0,(anonymous_1)
FNDA:0,(anonymous_2)
FNDA:3,(anonymous_3)
FNDA:10,(anonymous_4)
FNDA:0,(anonymous_5)
FNDA:0,(anonymous_6)
FNDA:1,(anonymous_7)
FNDA:1,(anonymous_8)
DA:1,11
DA:2,11
DA:4,11
DA:5,3
DA:6,3
DA:7,3
DA:8,3
DA:9,3
DA:10,3
DA:11,0
DA:12,0
DA:15,0
DA:16,0
DA:17,0
DA:18,0
DA:21,0
DA:24,0
DA:26,0
DA:29,3
DA:31,3
DA:34,3
DA:35,2
DA:37,1
DA:41,11
DA:44,3
DA:47,3
DA:48,10
DA:49,10
DA:53,3
DA:54,3
DA:57,3
DA:58,10
DA:59,10
DA:61,2
DA:62,2
DA:63,2
DA:67,3
DA:70,11
DA:73,0
DA:76,0
DA:77,0
DA:78,0
DA:82,0
DA:83,0
DA:86,0
DA:87,0
DA:88,0
DA:90,0
DA:91,0
DA:92,0
DA:96,0
DA:100,11
DA:101,1
DA:102,1
DA:103,1
DA:104,1
DA:106,0
DA:110,11
DA:111,1
DA:112,1
DA:116,1
DA:118,0
DA:122,11
LF:63
LH:39
BRDA:10,0,0,0
BRDA:10,0,1,3
BRDA:17,1,0,0
BRDA:17,1,1,0
BRDA:57,2,0,13
BRDA:57,2,1,12
BRDA:59,3,0,2
BRDA:59,3,1,8
BRDA:86,4,0,0
BRDA:86,4,1,0
BRDA:88,5,0,0
BRDA:88,5,1,0
BRDA:88,6,0,0
BRDA:88,6,1,0
BRF:14
BRH:5
end_of_record
TN:
SF:controllers\relationshipRequest.js
FN:6,(anonymous_0)
FN:19,(anonymous_1)
FN:20,(anonymous_2)
FN:32,(anonymous_3)
FN:41,(anonymous_4)
FN:50,(anonymous_5)
FN:62,(anonymous_6)
FN:74,(anonymous_7)
FN:88,(anonymous_8)
FN:89,(anonymous_9)
FNF:10
FNH:0
FNDA:0,(anonymous_0)
FNDA:0,(anonymous_1)
FNDA:0,(anonymous_2)
FNDA:0,(anonymous_3)
FNDA:0,(anonymous_4)
FNDA:0,(anonymous_5)
FNDA:0,(anonymous_6)
FNDA:0,(anonymous_7)
FNDA:0,(anonymous_8)
FNDA:0,(anonymous_9)
DA:1,11
DA:2,11
DA:3,11
DA:4,11
DA:6,11
DA:7,0
DA:8,0
DA:9,0
DA:18,0
DA:21,0
DA:25,0
DA:26,0
DA:28,0
DA:32,11
DA:33,0
DA:34,0
DA:35,0
DA:37,0
DA:41,11
DA:42,0
DA:43,0
DA:44,0
DA:46,0
DA:50,11
DA:51,0
DA:52,0
DA:56,0
DA:58,0
DA:62,11
DA:63,0
DA:64,0
DA:68,0
DA:70,0
DA:74,11
DA:75,0
DA:76,0
DA:77,0
DA:78,0
DA:87,0
DA:90,0
DA:94,0
DA:96,0
DA:98,0
DA:102,11
LF:44
LH:11
BRDA:77,0,0,0
BRDA:77,0,1,0
BRF:2
BRH:0
end_of_record
TN:
SF:controllers\waterGlass.js
FN:4,(anonymous_0)
FN:13,(anonymous_1)
FN:22,(anonymous_2)
FNF:3
FNH:3
FNDA:2,(anonymous_0)
FNDA:2,(anonymous_1)
FNDA:2,(anonymous_2)
DA:1,11
DA:2,11
DA:4,11
DA:5,2
DA:6,2
DA:7,1
DA:9,1
DA:13,11
DA:14,2
DA:15,2
DA:16,1
DA:18,1
DA:22,11
DA:24,2
DA:26,2
DA:27,2
DA:41,1
DA:43,1
DA:47,11
LF:19
LH:19
BRF:0
BRH:0
end_of_record
TN:
SF:models\category.js
FNF:0
FNH:0
DA:1,11
DA:2,11
DA:4,11
DA:16,11
DA:17,11
LF:5
LH:5
BRF:0
BRH:0
end_of_record
TN:
SF:models\exercise.js
FNF:0
FNH:0
DA:1,11
DA:2,11
DA:4,11
DA:27,11
DA:28,11
LF:5
LH:5
BRF:0
BRH:0
end_of_record
TN:
SF:models\exerciseDone.js
FN:15,(anonymous_0)
FNF:1
FNH:1
FNDA:8,(anonymous_0)
DA:1,11
DA:2,11
DA:4,11
DA:16,8
DA:41,11
DA:42,11
LF:6
LH:6
BRF:0
BRH:0
end_of_record
TN:
SF:models\food.js
FNF:0
FNH:0
DA:1,11
DA:2,11
DA:4,11
DA:46,11
DA:47,11
LF:5
LH:5
BRF:0
BRH:0
end_of_record
TN:
SF:models\goal.js
FNF:0
FNH:0
DA:1,11
DA:2,11
DA:4,11
DA:42,11
DA:43,11
LF:5
LH:5
BRF:0
BRH:0
end_of_record
TN:
SF:models\index.js
FNF:0
FNH:0
DA:1,11
DA:15,11
LF:2
LH:2
BRF:0
BRH:0
end_of_record
TN:
SF:models\intermittentFasting.js
FNF:0
FNH:0
DA:1,11
DA:2,11
DA:4,11
DA:22,11
DA:23,11
LF:5
LH:5
BRF:0
BRH:0
end_of_record
TN:
SF:models\meal.js
FN:15,(anonymous_0)
FNF:1
FNH:1
FNDA:7,(anonymous_0)
DA:1,11
DA:2,11
DA:4,11
DA:16,7
DA:56,11
DA:57,11
LF:6
LH:6
BRF:0
BRH:0
end_of_record
TN:
SF:models\plan.js
FNF:0
FNH:0
DA:1,11
DA:2,11
DA:4,11
DA:39,11
DA:40,11
LF:5
LH:5
BRF:0
BRH:0
end_of_record
TN:
SF:models\relationshipRequest.js
FNF:0
FNH:0
DA:1,11
DA:2,11
DA:3,11
DA:5,11
DA:29,11
DA:30,11
LF:6
LH:6
BRF:0
BRH:0
end_of_record
TN:
SF:models\users.js
FNF:0
FNH:0
DA:1,11
DA:2,11
DA:3,11
DA:5,11
DA:55,11
DA:56,11
LF:6
LH:6
BRF:0
BRH:0
end_of_record
TN:
SF:models\waterGlass.js
FNF:0
FNH:0
DA:1,11
DA:2,11
DA:4,11
DA:19,11
DA:20,11
LF:5
LH:5
BRF:0
BRH:0
end_of_record
TN:
SF:routes\auth.js
FNF:0
FNH:0
DA:1,11
DA:2,11
DA:3,11
DA:4,11
DA:7,11
DA:8,11
DA:9,11
DA:10,11
DA:11,11
DA:12,11
DA:13,11
DA:14,11
DA:15,11
DA:16,11
DA:17,11
DA:18,11
DA:20,11
LF:17
LH:17
BRF:0
BRH:0
end_of_record
TN:
SF:routes\category.js
FNF:0
FNH:0
DA:1,11
DA:2,11
DA:3,11
DA:4,11
DA:6,11
DA:7,11
DA:9,11
LF:7
LH:7
BRF:0
BRH:0
end_of_record
TN:
SF:routes\exercise.js
FNF:0
FNH:0
DA:1,11
DA:2,11
DA:6,11
DA:8,11
DA:9,11
DA:12,11
LF:6
LH:6
BRF:0
BRH:0
end_of_record
TN:
SF:routes\exerciseDone.js
FNF:0
FNH:0
DA:1,11
DA:2,11
DA:12,11
DA:14,11
DA:15,11
DA:16,11
DA:17,11
DA:18,11
DA:19,11
DA:20,11
DA:21,11
DA:24,11
LF:12
LH:12
BRF:0
BRH:0
end_of_record
TN:
SF:routes\foods.js
FNF:0
FNH:0
DA:1,11
DA:2,11
DA:9,11
DA:10,11
DA:14,11
DA:15,11
DA:16,11
DA:17,11
DA:18,11
DA:20,11
LF:10
LH:10
BRF:0
BRH:0
end_of_record
TN:
SF:routes\goals.js
FNF:0
FNH:0
DA:1,11
DA:2,11
DA:10,11
DA:12,11
DA:13,11
DA:14,11
DA:15,11
DA:16,11
DA:17,11
DA:19,11
LF:10
LH:10
BRF:0
BRH:0
end_of_record
TN:
SF:routes\index.js
FN:7,(anonymous_0)
FN:11,(anonymous_1)
FNF:2
FNH:2
FNDA:143,(anonymous_0)
FNDA:143,(anonymous_1)
DA:1,11
DA:2,11
DA:3,11
DA:5,11
DA:7,11
DA:8,143
DA:11,11
DA:13,143
DA:14,143
DA:15,132
DA:21,11
LF:11
LH:11
BRDA:14,0,0,132
BRDA:14,0,1,11
BRF:2
BRH:2
end_of_record
TN:
SF:routes\intermittentFasting.js
FNF:0
FNH:0
DA:1,11
DA:2,11
DA:8,11
DA:10,11
DA:11,11
DA:12,11
DA:13,11
DA:18,11
LF:8
LH:8
BRF:0
BRH:0
end_of_record
TN:
SF:routes\meals.js
FNF:0
FNH:0
DA:1,11
DA:2,11
DA:12,11
DA:13,11
DA:15,11
DA:16,11
DA:17,11
DA:18,11
DA:19,11
DA:20,11
DA:21,11
DA:22,11
DA:24,11
LF:13
LH:13
BRF:0
BRH:0
end_of_record
TN:
SF:routes\notifications.js
FNF:0
FNH:0
DA:1,11
DA:2,11
DA:3,11
DA:4,11
DA:6,11
DA:7,11
DA:9,11
LF:7
LH:7
BRF:0
BRH:0
end_of_record
TN:
SF:routes\plans.js
FNF:0
FNH:0
DA:1,11
DA:2,11
DA:7,11
DA:10,11
DA:11,11
DA:12,11
DA:14,11
LF:7
LH:7
BRF:0
BRH:0
end_of_record
TN:
SF:routes\relationshipRequest.js
FNF:0
FNH:0
DA:1,11
DA:2,11
DA:9,11
DA:11,11
DA:12,11
DA:13,11
DA:14,11
DA:15,11
DA:16,11
DA:18,11
LF:10
LH:10
BRF:0
BRH:0
end_of_record
TN:
SF:routes\waterGlass.js
FNF:0
FNH:0
DA:1,11
DA:2,11
DA:3,11
DA:5,11
DA:6,11
DA:7,11
DA:9,11
LF:7
LH:7
BRF:0
BRH:0
end_of_record
TN:
SF:utils\handleEmail.js
FN:3,(anonymous_0)
FN:26,(anonymous_1)
FNF:2
FNH:1
FNDA:3,(anonymous_0)
FNDA:0,(anonymous_1)
DA:1,11
DA:3,11
DA:5,3
DA:17,3
DA:26,3
DA:27,0
DA:28,0
DA:33,11
LF:8
LH:6
BRDA:27,0,0,0
BRDA:27,0,1,0
BRF:2
BRH:0
end_of_record
TN:
SF:utils\handleErrors.js
FN:1,(anonymous_0)
FNF:1
FNH:1
FNDA:49,(anonymous_0)
DA:1,11
DA:2,49
DA:3,49
DA:7,49
DA:10,11
LF:5
LH:5
BRF:0
BRH:0
end_of_record
TN:
SF:utils\handleJWT.js
FN:4,(anonymous_0)
FNF:1
FNH:1
FNDA:7,(anonymous_0)
DA:1,11
DA:2,11
DA:4,11
DA:5,7
DA:15,7
DA:26,11
LF:6
LH:6
BRF:0
BRH:0
end_of_record
TN:
SF:utils\handlePassword.js
FN:4,(anonymous_0)
FN:9,(anonymous_1)
FNF:2
FNH:2
FNDA:9,(anonymous_0)
FNDA:2,(anonymous_1)
DA:2,11
DA:4,11
DA:5,9
DA:6,9
DA:9,11
DA:10,2
DA:11,2
DA:14,11
LF:8
LH:8
BRF:0
BRH:0
end_of_record
TN:
SF:utils\handleValidator.js
FN:3,(anonymous_0)
FNF:1
FNH:1
FNDA:29,(anonymous_0)
DA:1,11
DA:3,11
DA:4,29
DA:5,29
DA:6,25
DA:8,4
DA:9,4
DA:13,11
LF:8
LH:8
BRF:0
BRH:0
end_of_record
TN:
SF:validators\auth.js
FN:34,(anonymous_0)
FN:48,(anonymous_1)
FNF:2
FNH:2
FNDA:8,(anonymous_0)
FNDA:4,(anonymous_1)
DA:1,11
DA:2,11
DA:4,11
DA:35,8
DA:39,11
DA:49,4
DA:53,11
LF:7
LH:7
BRF:0
BRH:0
end_of_record
TN:
SF:validators\category.js
FN:8,(anonymous_0)
FNF:1
FNH:1
FNDA:3,(anonymous_0)
DA:1,11
DA:2,11
DA:4,11
DA:9,3
DA:14,11
LF:5
LH:5
BRF:0
BRH:0
end_of_record
TN:
SF:validators\foods.js
FN:17,(anonymous_0)
FNF:1
FNH:1
FNDA:3,(anonymous_0)
DA:1,11
DA:2,11
DA:4,11
DA:18,3
DA:19,1
DA:21,3
DA:22,1
DA:24,3
DA:25,1
DA:27,3
DA:32,11
LF:11
LH:11
BRDA:18,0,0,1
BRDA:18,0,1,2
BRDA:21,1,0,1
BRDA:21,1,1,2
BRDA:24,2,0,1
BRDA:24,2,1,2
BRF:6
BRH:6
end_of_record
TN:
SF:validators\meals.js
FN:11,(anonymous_0)
FNF:1
FNH:1
FNDA:9,(anonymous_0)
DA:1,11
DA:2,11
DA:4,11
DA:12,9
DA:17,11
LF:5
LH:5
BRF:0
BRH:0
end_of_record
TN:
SF:validators\notifications.js
FN:8,(anonymous_0)
FNF:1
FNH:1
FNDA:2,(anonymous_0)
DA:1,11
DA:2,11
DA:4,11
DA:9,2
DA:14,11
LF:5
LH:5
BRF:0
BRH:0
end_of_record
