TN:
SF:app.js
FNF:0
FNH:0
DA:1,1
DA:2,1
DA:3,1
DA:4,1
DA:5,1
DA:7,1
DA:9,1
DA:10,1
DA:12,1
DA:14,1
DA:16,1
DA:17,0
DA:20,1
DA:22,1
LF:14
LH:13
BRDA:7,0,0,1
BRDA:7,0,1,0
BRDA:12,1,0,1
BRDA:12,1,1,0
BRDA:16,2,0,0
BRDA:16,2,1,1
BRF:6
BRH:3
end_of_record
TN:
SF:config\mongo.js
FN:5,(anonymous_0)
FNF:1
FNH:1
FNDA:1,(anonymous_0)
DA:1,1
DA:3,1
DA:5,1
DA:6,1
DA:7,1
DA:8,1
DA:12,1
DA:14,0
DA:18,1
LF:9
LH:8
BRDA:7,0,0,1
BRDA:7,0,1,0
BRF:2
BRH:1
end_of_record
TN:
SF:controllers\auth.js
FN:7,(anonymous_0)
FN:25,(anonymous_1)
FN:55,(anonymous_2)
FN:64,(anonymous_3)
FN:73,(anonymous_4)
FN:83,(anonymous_5)
FN:93,(anonymous_6)
FN:108,(anonymous_7)
FN:122,(anonymous_8)
FN:131,(anonymous_9)
FN:143,(anonymous_10)
FN:153,(anonymous_11)
FNF:12
FNH:0
FNDA:0,(anonymous_0)
FNDA:0,(anonymous_1)
FNDA:0,(anonymous_2)
FNDA:0,(anonymous_3)
FNDA:0,(anonymous_4)
FNDA:0,(anonymous_5)
FNDA:0,(anonymous_6)
FNDA:0,(anonymous_7)
FNDA:0,(anonymous_8)
FNDA:0,(anonymous_9)
FNDA:0,(anonymous_10)
FNDA:0,(anonymous_11)
DA:1,1
DA:2,1
DA:3,1
DA:4,1
DA:5,1
DA:7,1
DA:8,0
DA:9,0
DA:10,0
DA:11,0
DA:12,0
DA:13,0
DA:15,0
DA:19,0
DA:21,0
DA:25,1
DA:26,0
DA:27,0
DA:28,0
DA:29,0
DA:30,0
DA:32,0
DA:33,0
DA:35,0
DA:36,0
DA:37,0
DA:40,0
DA:42,0
DA:48,0
DA:51,0
DA:55,1
DA:56,0
DA:57,0
DA:58,0
DA:60,0
DA:64,1
DA:65,0
DA:66,0
DA:67,0
DA:69,0
DA:73,1
DA:74,0
DA:75,0
DA:76,0
DA:79,0
DA:83,1
DA:84,0
DA:85,0
DA:86,0
DA:89,0
DA:93,1
DA:94,0
DA:95,0
DA:96,0
DA:98,0
DA:101,0
DA:102,0
DA:104,0
DA:108,1
DA:109,0
DA:110,0
DA:113,0
DA:114,0
DA:115,0
DA:117,0
DA:118,0
DA:122,1
DA:123,0
DA:124,0
DA:125,0
DA:127,0
DA:131,1
DA:132,0
DA:133,0
DA:136,0
DA:137,0
DA:139,0
DA:143,1
DA:144,0
DA:145,0
DA:146,0
DA:148,0
DA:149,0
DA:153,1
DA:154,0
DA:155,0
DA:156,0
DA:158,0
DA:159,0
DA:163,1
LF:90
LH:18
BRDA:28,0,0,0
BRDA:28,0,1,0
BRDA:35,1,0,0
BRDA:35,1,1,0
BRF:4
BRH:0
end_of_record
TN:
SF:controllers\category.js
FN:5,(anonymous_0)
FN:16,(anonymous_1)
FNF:2
FNH:0
FNDA:0,(anonymous_0)
FNDA:0,(anonymous_1)
DA:1,1
DA:2,1
DA:5,1
DA:6,0
DA:7,0
DA:8,0
DA:9,0
DA:11,0
DA:16,1
DA:17,0
DA:18,0
DA:19,0
DA:21,0
DA:25,1
LF:14
LH:5
BRF:0
BRH:0
end_of_record
TN:
SF:controllers\exercise.js
FN:4,(anonymous_0)
FN:15,(anonymous_1)
FNF:2
FNH:0
FNDA:0,(anonymous_0)
FNDA:0,(anonymous_1)
DA:1,1
DA:2,1
DA:4,1
DA:5,0
DA:6,0
DA:7,0
DA:8,0
DA:10,0
DA:15,1
DA:16,0
DA:17,0
DA:18,0
DA:20,0
DA:24,1
LF:14
LH:5
BRF:0
BRH:0
end_of_record
TN:
SF:controllers\exerciseDone.js
FN:6,(anonymous_0)
FN:16,(anonymous_1)
FN:26,(anonymous_2)
FN:43,(anonymous_3)
FN:46,(anonymous_4)
FN:61,(anonymous_5)
FN:73,(anonymous_6)
FN:82,(anonymous_7)
FN:95,(anonymous_8)
FN:105,(anonymous_9)
FN:131,(anonymous_10)
FN:143,obtenerFechaSinHora
FN:153,(anonymous_12)
FNF:13
FNH:2
FNDA:0,(anonymous_0)
FNDA:0,(anonymous_1)
FNDA:0,(anonymous_2)
FNDA:2,(anonymous_3)
FNDA:4,(anonymous_4)
FNDA:0,(anonymous_5)
FNDA:0,(anonymous_6)
FNDA:0,(anonymous_7)
FNDA:0,(anonymous_8)
FNDA:0,(anonymous_9)
FNDA:0,(anonymous_10)
FNDA:0,obtenerFechaSinHora
FNDA:0,(anonymous_12)
DA:1,1
DA:2,1
DA:3,1
DA:4,1
DA:6,1
DA:7,0
DA:8,0
DA:9,0
DA:10,0
DA:12,0
DA:16,1
DA:17,0
DA:18,0
DA:19,0
DA:20,0
DA:22,0
DA:26,1
DA:27,0
DA:28,0
DA:30,0
DA:35,0
DA:36,0
DA:38,0
DA:43,1
DA:44,2
DA:45,2
DA:46,2
DA:47,4
DA:48,4
DA:50,2
DA:51,2
DA:52,2
DA:54,0
DA:55,0
DA:57,0
DA:61,1
DA:62,0
DA:63,0
DA:67,0
DA:69,0
DA:73,1
DA:74,0
DA:75,0
DA:76,0
DA:78,0
DA:82,1
DA:83,0
DA:84,0
DA:85,0
DA:86,0
DA:87,0
DA:92,0
DA:94,0
DA:95,0
DA:96,0
DA:99,0
DA:101,0
DA:105,1
DA:106,0
DA:107,0
DA:108,0
DA:109,0
DA:110,0
DA:115,0
DA:116,0
DA:117,0
DA:119,0
DA:120,0
DA:125,0
DA:128,0
DA:129,0
DA:131,0
DA:132,0
DA:133,0
DA:135,0
DA:136,0
DA:138,0
DA:144,0
DA:150,0
DA:151,0
DA:152,0
DA:153,0
DA:154,0
DA:155,0
DA:158,0
DA:160,0
DA:165,1
LF:87
LH:21
BRDA:50,0,0,2
BRDA:50,0,1,0
BRDA:135,1,0,0
BRDA:135,1,1,0
BRDA:154,2,0,0
BRDA:154,2,1,0
BRF:6
BRH:1
end_of_record
TN:
SF:controllers\foods.js
FN:4,(anonymous_0)
FN:14,(anonymous_1)
FN:19,(anonymous_2)
FN:19,(anonymous_3)
FN:28,(anonymous_4)
FN:40,(anonymous_5)
FN:47,(anonymous_6)
FN:47,(anonymous_7)
FN:57,(anonymous_8)
FNF:9
FNH:0
FNDA:0,(anonymous_0)
FNDA:0,(anonymous_1)
FNDA:0,(anonymous_2)
FNDA:0,(anonymous_3)
FNDA:0,(anonymous_4)
FNDA:0,(anonymous_5)
FNDA:0,(anonymous_6)
FNDA:0,(anonymous_7)
FNDA:0,(anonymous_8)
DA:1,1
DA:2,1
DA:4,1
DA:5,0
DA:6,0
DA:7,0
DA:8,0
DA:10,0
DA:14,1
DA:15,0
DA:16,0
DA:17,0
DA:18,0
DA:19,0
DA:21,0
DA:23,0
DA:24,0
DA:28,1
DA:29,0
DA:30,0
DA:31,0
DA:34,0
DA:36,0
DA:40,1
DA:41,0
DA:42,0
DA:43,0
DA:46,0
DA:47,0
DA:49,0
DA:51,0
DA:52,0
DA:57,1
DA:58,0
DA:59,0
DA:60,0
DA:62,0
DA:66,1
LF:38
LH:8
BRF:0
BRH:0
end_of_record
TN:
SF:controllers\goals.js
FN:5,(anonymous_0)
FN:14,(anonymous_1)
FN:18,(anonymous_2)
FN:26,(anonymous_3)
FN:59,(anonymous_4)
FN:64,(anonymous_5)
FN:67,(anonymous_6)
FN:79,(anonymous_7)
FN:96,(anonymous_8)
FN:117,(anonymous_9)
FN:127,(anonymous_10)
FN:139,(anonymous_11)
FNF:12
FNH:0
FNDA:0,(anonymous_0)
FNDA:0,(anonymous_1)
FNDA:0,(anonymous_2)
FNDA:0,(anonymous_3)
FNDA:0,(anonymous_4)
FNDA:0,(anonymous_5)
FNDA:0,(anonymous_6)
FNDA:0,(anonymous_7)
FNDA:0,(anonymous_8)
FNDA:0,(anonymous_9)
FNDA:0,(anonymous_10)
FNDA:0,(anonymous_11)
DA:1,1
DA:2,1
DA:3,1
DA:5,1
DA:6,0
DA:7,0
DA:8,0
DA:10,0
DA:14,1
DA:15,0
DA:16,0
DA:17,0
DA:18,0
DA:20,0
DA:22,0
DA:26,1
DA:27,0
DA:28,0
DA:30,0
DA:31,0
DA:33,0
DA:34,0
DA:36,0
DA:37,0
DA:38,0
DA:39,0
DA:41,0
DA:43,0
DA:44,0
DA:45,0
DA:46,0
DA:48,0
DA:50,0
DA:51,0
DA:52,0
DA:53,0
DA:55,0
DA:59,1
DA:60,0
DA:61,0
DA:64,1
DA:65,0
DA:66,0
DA:67,0
DA:68,0
DA:69,0
DA:70,0
DA:71,0
DA:75,0
DA:76,0
DA:77,0
DA:78,0
DA:79,0
DA:80,0
DA:83,0
DA:85,0
DA:91,0
DA:94,0
DA:95,0
DA:96,0
DA:97,0
DA:100,0
DA:102,0
DA:108,0
DA:111,0
DA:113,0
DA:117,1
DA:118,0
DA:119,0
DA:120,0
DA:122,0
DA:127,1
DA:128,0
DA:129,0
DA:133,0
DA:135,0
DA:139,1
DA:140,0
DA:141,0
DA:142,0
DA:144,0
DA:148,1
LF:82
LH:12
BRDA:18,0,0,0
BRDA:18,0,1,0
BRDA:36,1,0,0
BRDA:36,1,1,0
BRDA:38,2,0,0
BRDA:38,2,1,0
BRDA:38,3,0,0
BRDA:38,3,1,0
BRDA:41,4,0,0
BRDA:41,4,1,0
BRDA:48,5,0,0
BRDA:48,5,1,0
BRDA:76,6,0,0
BRDA:76,6,1,0
BRF:14
BRH:0
end_of_record
TN:
SF:controllers\intermittentFasting.js
FN:6,(anonymous_0)
FN:26,(anonymous_1)
FN:35,(anonymous_2)
FN:36,(anonymous_3)
FN:50,(anonymous_4)
FN:61,(anonymous_5)
FN:69,(anonymous_6)
FN:82,(anonymous_7)
FNF:8
FNH:0
FNDA:0,(anonymous_0)
FNDA:0,(anonymous_1)
FNDA:0,(anonymous_2)
FNDA:0,(anonymous_3)
FNDA:0,(anonymous_4)
FNDA:0,(anonymous_5)
FNDA:0,(anonymous_6)
FNDA:0,(anonymous_7)
DA:1,1
DA:2,1
DA:3,1
DA:4,1
DA:6,1
DA:7,0
DA:8,0
DA:18,0
DA:19,0
DA:22,0
DA:23,0
DA:24,0
DA:27,0
DA:34,0
DA:37,0
DA:41,0
DA:44,0
DA:46,0
DA:50,1
DA:51,0
DA:52,0
DA:55,0
DA:57,0
DA:61,1
DA:62,0
DA:63,0
DA:65,0
DA:68,0
DA:70,0
DA:72,0
DA:74,0
DA:82,1
DA:83,0
DA:84,0
DA:87,0
DA:89,0
DA:93,1
LF:37
LH:9
BRDA:18,0,0,0
BRDA:18,0,1,0
BRDA:70,1,0,0
BRDA:70,1,1,0
BRF:4
BRH:0
end_of_record
TN:
SF:controllers\meals.js
FN:4,(anonymous_0)
FN:14,(anonymous_1)
FN:24,(anonymous_2)
FN:40,(anonymous_3)
FN:43,(anonymous_4)
FN:59,(anonymous_5)
FN:71,(anonymous_6)
FN:80,(anonymous_7)
FN:107,(anonymous_8)
FN:119,obtenerFechaSinHora
FN:129,(anonymous_10)
FN:140,(anonymous_11)
FN:154,(anonymous_12)
FNF:13
FNH:0
FNDA:0,(anonymous_0)
FNDA:0,(anonymous_1)
FNDA:0,(anonymous_2)
FNDA:0,(anonymous_3)
FNDA:0,(anonymous_4)
FNDA:0,(anonymous_5)
FNDA:0,(anonymous_6)
FNDA:0,(anonymous_7)
FNDA:0,(anonymous_8)
FNDA:0,obtenerFechaSinHora
FNDA:0,(anonymous_10)
FNDA:0,(anonymous_11)
FNDA:0,(anonymous_12)
DA:1,1
DA:2,1
DA:4,1
DA:5,0
DA:6,0
DA:7,0
DA:8,0
DA:10,0
DA:14,1
DA:15,0
DA:16,0
DA:17,0
DA:18,0
DA:20,0
DA:24,1
DA:25,0
DA:26,0
DA:28,0
DA:33,0
DA:34,0
DA:36,0
DA:40,1
DA:41,0
DA:42,0
DA:43,0
DA:44,0
DA:45,0
DA:47,0
DA:48,0
DA:49,0
DA:51,0
DA:52,0
DA:53,0
DA:55,0
DA:59,1
DA:60,0
DA:61,0
DA:65,0
DA:67,0
DA:71,1
DA:72,0
DA:73,0
DA:74,0
DA:76,0
DA:80,1
DA:81,0
DA:82,0
DA:83,0
DA:84,0
DA:85,0
DA:86,0
DA:91,0
DA:92,0
DA:93,0
DA:95,0
DA:96,0
DA:101,0
DA:104,0
DA:105,0
DA:107,0
DA:108,0
DA:109,0
DA:111,0
DA:112,0
DA:114,0
DA:120,0
DA:126,0
DA:127,0
DA:128,0
DA:129,0
DA:130,0
DA:131,0
DA:134,0
DA:136,0
DA:140,1
DA:141,0
DA:142,0
DA:143,0
DA:144,0
DA:145,0
DA:146,0
DA:151,0
DA:153,0
DA:154,0
DA:155,0
DA:158,0
DA:160,0
DA:166,1
LF:88
LH:11
BRDA:47,0,0,0
BRDA:47,0,1,0
BRDA:111,1,0,0
BRDA:111,1,1,0
BRDA:130,2,0,0
BRDA:130,2,1,0
BRF:6
BRH:0
end_of_record
TN:
SF:controllers\notifications.js
FN:6,(anonymous_0)
FN:24,(anonymous_1)
FN:25,(anonymous_2)
FN:64,(anonymous_3)
FN:88,(anonymous_4)
FN:115,(anonymous_5)
FNF:6
FNH:0
FNDA:0,(anonymous_0)
FNDA:0,(anonymous_1)
FNDA:0,(anonymous_2)
FNDA:0,(anonymous_3)
FNDA:0,(anonymous_4)
FNDA:0,(anonymous_5)
DA:1,1
DA:2,1
DA:3,1
DA:4,1
DA:6,1
DA:7,0
DA:8,0
DA:9,0
DA:10,0
DA:11,0
DA:13,0
DA:14,0
DA:23,0
DA:26,0
DA:30,0
DA:35,0
DA:36,0
DA:37,0
DA:38,0
DA:39,0
DA:41,0
DA:53,0
DA:55,0
DA:57,0
DA:60,0
DA:64,1
DA:65,0
DA:66,0
DA:68,0
DA:69,0
DA:70,0
DA:71,0
DA:72,0
DA:74,0
DA:81,0
DA:82,0
DA:84,0
DA:88,1
DA:89,0
DA:90,0
DA:91,0
DA:92,0
DA:94,0
DA:95,0
DA:96,0
DA:97,0
DA:98,0
DA:100,0
DA:109,0
DA:111,0
DA:115,1
DA:116,0
DA:117,0
DA:118,0
DA:120,0
DA:124,1
LF:56
LH:9
BRDA:35,0,0,0
BRDA:35,0,1,0
BRF:2
BRH:0
end_of_record
TN:
SF:controllers\plans.js
FN:4,(anonymous_0)
FN:12,(anonymous_1)
FN:15,(anonymous_2)
FN:41,(anonymous_3)
FN:47,(anonymous_4)
FN:70,(anonymous_5)
FN:76,(anonymous_6)
FN:100,(anonymous_7)
FN:110,(anonymous_8)
FNF:9
FNH:5
FNDA:3,(anonymous_0)
FNDA:0,(anonymous_1)
FNDA:0,(anonymous_2)
FNDA:3,(anonymous_3)
FNDA:8,(anonymous_4)
FNDA:0,(anonymous_5)
FNDA:0,(anonymous_6)
FNDA:1,(anonymous_7)
FNDA:1,(anonymous_8)
DA:1,1
DA:2,1
DA:4,1
DA:5,3
DA:6,3
DA:7,3
DA:8,3
DA:9,3
DA:10,3
DA:11,0
DA:12,0
DA:15,0
DA:16,0
DA:17,0
DA:18,0
DA:21,0
DA:24,0
DA:26,0
DA:29,3
DA:31,3
DA:34,3
DA:35,2
DA:37,1
DA:41,1
DA:44,3
DA:47,3
DA:48,8
DA:49,8
DA:53,3
DA:54,3
DA:57,3
DA:58,8
DA:59,8
DA:61,2
DA:62,2
DA:63,2
DA:67,3
DA:70,1
DA:73,0
DA:76,0
DA:77,0
DA:78,0
DA:82,0
DA:83,0
DA:86,0
DA:87,0
DA:88,0
DA:90,0
DA:91,0
DA:92,0
DA:96,0
DA:100,1
DA:101,1
DA:102,1
DA:103,1
DA:104,1
DA:106,0
DA:110,1
DA:111,1
DA:112,1
DA:116,1
DA:118,0
DA:122,1
LF:63
LH:39
BRDA:10,0,0,0
BRDA:10,0,1,3
BRDA:17,1,0,0
BRDA:17,1,1,0
BRDA:57,2,0,11
BRDA:57,2,1,10
BRDA:59,3,0,2
BRDA:59,3,1,6
BRDA:86,4,0,0
BRDA:86,4,1,0
BRDA:88,5,0,0
BRDA:88,5,1,0
BRDA:88,6,0,0
BRDA:88,6,1,0
BRF:14
BRH:5
end_of_record
TN:
SF:controllers\relationshipRequest.js
FN:6,(anonymous_0)
FN:19,(anonymous_1)
FN:20,(anonymous_2)
FN:32,(anonymous_3)
FN:41,(anonymous_4)
FN:50,(anonymous_5)
FN:62,(anonymous_6)
FN:74,(anonymous_7)
FN:88,(anonymous_8)
FN:89,(anonymous_9)
FNF:10
FNH:0
FNDA:0,(anonymous_0)
FNDA:0,(anonymous_1)
FNDA:0,(anonymous_2)
FNDA:0,(anonymous_3)
FNDA:0,(anonymous_4)
FNDA:0,(anonymous_5)
FNDA:0,(anonymous_6)
FNDA:0,(anonymous_7)
FNDA:0,(anonymous_8)
FNDA:0,(anonymous_9)
DA:1,1
DA:2,1
DA:3,1
DA:4,1
DA:6,1
DA:7,0
DA:8,0
DA:9,0
DA:18,0
DA:21,0
DA:25,0
DA:26,0
DA:28,0
DA:32,1
DA:33,0
DA:34,0
DA:35,0
DA:37,0
DA:41,1
DA:42,0
DA:43,0
DA:44,0
DA:46,0
DA:50,1
DA:51,0
DA:52,0
DA:56,0
DA:58,0
DA:62,1
DA:63,0
DA:64,0
DA:68,0
DA:70,0
DA:74,1
DA:75,0
DA:76,0
DA:77,0
DA:78,0
DA:87,0
DA:90,0
DA:94,0
DA:96,0
DA:98,0
DA:102,1
LF:44
LH:11
BRDA:77,0,0,0
BRDA:77,0,1,0
BRF:2
BRH:0
end_of_record
TN:
SF:controllers\waterGlass.js
FN:4,(anonymous_0)
FN:13,(anonymous_1)
FN:22,(anonymous_2)
FNF:3
FNH:0
FNDA:0,(anonymous_0)
FNDA:0,(anonymous_1)
FNDA:0,(anonymous_2)
DA:1,1
DA:2,1
DA:4,1
DA:5,0
DA:6,0
DA:7,0
DA:9,0
DA:13,1
DA:14,0
DA:15,0
DA:16,0
DA:18,0
DA:22,1
DA:24,0
DA:26,0
DA:27,0
DA:41,0
DA:43,0
DA:47,1
LF:19
LH:6
BRF:0
BRH:0
end_of_record
TN:
SF:models\category.js
FNF:0
FNH:0
DA:1,1
DA:2,1
DA:4,1
DA:16,1
DA:17,1
LF:5
LH:5
BRF:0
BRH:0
end_of_record
TN:
SF:models\exercise.js
FNF:0
FNH:0
DA:1,1
DA:2,1
DA:4,1
DA:27,1
DA:28,1
LF:5
LH:5
BRF:0
BRH:0
end_of_record
TN:
SF:models\exerciseDone.js
FN:15,(anonymous_0)
FNF:1
FNH:0
FNDA:0,(anonymous_0)
DA:1,1
DA:2,1
DA:4,1
DA:16,0
DA:41,1
DA:42,1
LF:6
LH:5
BRF:0
BRH:0
end_of_record
TN:
SF:models\food.js
FNF:0
FNH:0
DA:1,1
DA:2,1
DA:4,1
DA:46,1
DA:47,1
LF:5
LH:5
BRF:0
BRH:0
end_of_record
TN:
SF:models\goal.js
FNF:0
FNH:0
DA:1,1
DA:2,1
DA:4,1
DA:42,1
DA:43,1
LF:5
LH:5
BRF:0
BRH:0
end_of_record
TN:
SF:models\index.js
FNF:0
FNH:0
DA:1,1
DA:15,1
LF:2
LH:2
BRF:0
BRH:0
end_of_record
TN:
SF:models\intermittentFasting.js
FNF:0
FNH:0
DA:1,1
DA:2,1
DA:4,1
DA:22,1
DA:23,1
LF:5
LH:5
BRF:0
BRH:0
end_of_record
TN:
SF:models\meal.js
FNF:0
FNH:0
DA:1,1
DA:2,1
DA:4,1
DA:52,1
DA:53,1
LF:5
LH:5
BRF:0
BRH:0
end_of_record
TN:
SF:models\plan.js
FNF:0
FNH:0
DA:1,1
DA:2,1
DA:4,1
DA:39,1
DA:40,1
LF:5
LH:5
BRF:0
BRH:0
end_of_record
TN:
SF:models\relationshipRequest.js
FNF:0
FNH:0
DA:1,1
DA:2,1
DA:3,1
DA:5,1
DA:29,1
DA:30,1
LF:6
LH:6
BRF:0
BRH:0
end_of_record
TN:
SF:models\users.js
FNF:0
FNH:0
DA:1,1
DA:2,1
DA:3,1
DA:5,1
DA:55,1
DA:56,1
LF:6
LH:6
BRF:0
BRH:0
end_of_record
TN:
SF:models\waterGlass.js
FNF:0
FNH:0
DA:1,1
DA:2,1
DA:4,1
DA:19,1
DA:20,1
LF:5
LH:5
BRF:0
BRH:0
end_of_record
TN:
SF:routes\auth.js
FNF:0
FNH:0
DA:1,1
DA:2,1
DA:3,1
DA:4,1
DA:7,1
DA:8,1
DA:9,1
DA:10,1
DA:11,1
DA:12,1
DA:13,1
DA:14,1
DA:15,1
DA:16,1
DA:17,1
DA:18,1
DA:20,1
LF:17
LH:17
BRF:0
BRH:0
end_of_record
TN:
SF:routes\category.js
FNF:0
FNH:0
DA:1,1
DA:2,1
DA:3,1
DA:4,1
DA:6,1
DA:7,1
DA:9,1
LF:7
LH:7
BRF:0
BRH:0
end_of_record
TN:
SF:routes\exercise.js
FNF:0
FNH:0
DA:1,1
DA:2,1
DA:6,1
DA:8,1
DA:9,1
DA:12,1
LF:6
LH:6
BRF:0
BRH:0
end_of_record
TN:
SF:routes\exerciseDone.js
FNF:0
FNH:0
DA:1,1
DA:2,1
DA:12,1
DA:14,1
DA:15,1
DA:16,1
DA:17,1
DA:18,1
DA:19,1
DA:20,1
DA:21,1
DA:24,1
LF:12
LH:12
BRF:0
BRH:0
end_of_record
TN:
SF:routes\foods.js
FNF:0
FNH:0
DA:1,1
DA:2,1
DA:9,1
DA:10,1
DA:14,1
DA:15,1
DA:16,1
DA:17,1
DA:18,1
DA:20,1
LF:10
LH:10
BRF:0
BRH:0
end_of_record
TN:
SF:routes\goals.js
FNF:0
FNH:0
DA:1,1
DA:2,1
DA:10,1
DA:12,1
DA:13,1
DA:14,1
DA:15,1
DA:16,1
DA:17,1
DA:19,1
LF:10
LH:10
BRF:0
BRH:0
end_of_record
TN:
SF:routes\index.js
FN:7,(anonymous_0)
FN:11,(anonymous_1)
FNF:2
FNH:2
FNDA:13,(anonymous_0)
FNDA:13,(anonymous_1)
DA:1,1
DA:2,1
DA:3,1
DA:5,1
DA:7,1
DA:8,13
DA:11,1
DA:13,13
DA:14,13
DA:15,12
DA:21,1
LF:11
LH:11
BRDA:14,0,0,12
BRDA:14,0,1,1
BRF:2
BRH:2
end_of_record
TN:
SF:routes\intermittentFasting.js
FNF:0
FNH:0
DA:1,1
DA:2,1
DA:8,1
DA:10,1
DA:11,1
DA:12,1
DA:13,1
DA:18,1
LF:8
LH:8
BRF:0
BRH:0
end_of_record
TN:
SF:routes\meals.js
FNF:0
FNH:0
DA:1,1
DA:2,1
DA:12,1
DA:13,1
DA:15,1
DA:16,1
DA:17,1
DA:18,1
DA:19,1
DA:20,1
DA:21,1
DA:22,1
DA:24,1
LF:13
LH:13
BRF:0
BRH:0
end_of_record
TN:
SF:routes\notifications.js
FNF:0
FNH:0
DA:1,1
DA:2,1
DA:3,1
DA:4,1
DA:6,1
DA:7,1
DA:9,1
LF:7
LH:7
BRF:0
BRH:0
end_of_record
TN:
SF:routes\plans.js
FNF:0
FNH:0
DA:1,1
DA:2,1
DA:7,1
DA:8,1
DA:10,1
DA:11,1
DA:12,1
DA:14,1
LF:8
LH:8
BRF:0
BRH:0
end_of_record
TN:
SF:routes\relationshipRequest.js
FNF:0
FNH:0
DA:1,1
DA:2,1
DA:9,1
DA:11,1
DA:12,1
DA:13,1
DA:14,1
DA:15,1
DA:16,1
DA:18,1
LF:10
LH:10
BRF:0
BRH:0
end_of_record
TN:
SF:routes\waterGlass.js
FNF:0
FNH:0
DA:1,1
DA:2,1
DA:3,1
DA:5,1
DA:6,1
DA:7,1
DA:9,1
LF:7
LH:7
BRF:0
BRH:0
end_of_record
TN:
SF:utils\handleEmail.js
FN:3,(anonymous_0)
FN:26,(anonymous_1)
FNF:2
FNH:0
FNDA:0,(anonymous_0)
FNDA:0,(anonymous_1)
DA:1,1
DA:3,1
DA:5,0
DA:17,0
DA:26,0
DA:27,0
DA:28,0
DA:33,1
LF:8
LH:3
BRDA:27,0,0,0
BRDA:27,0,1,0
BRF:2
BRH:0
end_of_record
TN:
SF:utils\handleErrors.js
FN:1,(anonymous_0)
FNF:1
FNH:1
FNDA:3,(anonymous_0)
DA:1,1
DA:2,3
DA:3,3
DA:7,3
DA:10,1
LF:5
LH:5
BRF:0
BRH:0
end_of_record
TN:
SF:utils\handleJWT.js
FN:4,(anonymous_0)
FNF:1
FNH:0
FNDA:0,(anonymous_0)
DA:1,1
DA:2,1
DA:4,1
DA:5,0
DA:15,0
DA:26,1
LF:6
LH:4
BRF:0
BRH:0
end_of_record
TN:
SF:utils\handlePassword.js
FN:4,(anonymous_0)
FN:9,(anonymous_1)
FNF:2
FNH:0
FNDA:0,(anonymous_0)
FNDA:0,(anonymous_1)
DA:2,1
DA:4,1
DA:5,0
DA:6,0
DA:9,1
DA:10,0
DA:11,0
DA:14,1
LF:8
LH:4
BRF:0
BRH:0
end_of_record
TN:
SF:utils\handleValidator.js
FN:3,(anonymous_0)
FNF:1
FNH:1
FNDA:3,(anonymous_0)
DA:1,1
DA:3,1
DA:4,3
DA:5,3
DA:6,3
DA:8,0
DA:9,0
DA:13,1
LF:8
LH:6
BRF:0
BRH:0
end_of_record
TN:
SF:validators\auth.js
FN:34,(anonymous_0)
FN:48,(anonymous_1)
FNF:2
FNH:0
FNDA:0,(anonymous_0)
FNDA:0,(anonymous_1)
DA:1,1
DA:2,1
DA:4,1
DA:35,0
DA:39,1
DA:49,0
DA:53,1
LF:7
LH:5
BRF:0
BRH:0
end_of_record
TN:
SF:validators\category.js
FN:8,(anonymous_0)
FNF:1
FNH:0
FNDA:0,(anonymous_0)
DA:1,1
DA:2,1
DA:4,1
DA:9,0
DA:14,1
LF:5
LH:4
BRF:0
BRH:0
end_of_record
TN:
SF:validators\foods.js
FN:17,(anonymous_0)
FNF:1
FNH:0
FNDA:0,(anonymous_0)
DA:1,1
DA:2,1
DA:4,1
DA:18,0
DA:19,0
DA:21,0
DA:22,0
DA:24,0
DA:25,0
DA:27,0
DA:32,1
LF:11
LH:4
BRDA:18,0,0,0
BRDA:18,0,1,0
BRDA:21,1,0,0
BRDA:21,1,1,0
BRDA:24,2,0,0
BRDA:24,2,1,0
BRF:6
BRH:0
end_of_record
TN:
SF:validators\meals.js
FN:11,(anonymous_0)
FNF:1
FNH:0
FNDA:0,(anonymous_0)
DA:1,1
DA:2,1
DA:4,1
DA:12,0
DA:17,1
LF:5
LH:4
BRF:0
BRH:0
end_of_record
TN:
SF:validators\notifications.js
FN:8,(anonymous_0)
FNF:1
FNH:0
FNDA:0,(anonymous_0)
DA:1,1
DA:2,1
DA:4,1
DA:9,0
DA:14,1
LF:5
LH:4
BRF:0
BRH:0
end_of_record
TN:
SF:validators\plans.js
FN:8,(anonymous_0)
FNF:1
FNH:1
FNDA:3,(anonymous_0)
DA:1,1
DA:2,1
DA:4,1
DA:9,3
DA:14,1
LF:5
LH:5
BRF:0
BRH:0
end_of_record
